<?xml version="1.0" encoding="UTF-8"?>
<!-- Generated by org.testng.reporters.JUnitXMLReporter -->
<testsuite ignored="0" hostname="Alis-MacBook-Pro.local" failures="0" tests="25" name="Default test" time="384.997" errors="0" timestamp="2024-12-24T17:00:55 PKT">
  <testcase classname="co.ai4lyf.Testcases.LoginTestcases" name="BackLogoClick" time="2.419"/>
  <testcase classname="co.ai4lyf.Testcases.LoginTestcases" name="BackLogoVerification" time="1.208"/>
  <testcase classname="co.ai4lyf.Testcases.LoginTestcases" name="LyfSuiteLogoVerification" time="1.029"/>
  <testcase classname="co.ai4lyf.Testcases.LoginTestcases" name="VerifyHeadingText" time="1.168"/>
  <testcase classname="co.ai4lyf.Testcases.LoginTestcases" name="VerifyParaText" time="0.169"/>
  <testcase classname="co.ai4lyf.Testcases.LoginTestcases" name="VerifyEmailLabelText" time="1.35"/>
  <testcase classname="co.ai4lyf.Testcases.LoginTestcases" name="VerifyEmailPlaceHolderText" time="1.208"/>
  <testcase classname="co.ai4lyf.Testcases.LoginTestcases" name="ValidEmail" time="15.345"/>
  <testcase classname="co.ai4lyf.Testcases.LoginTestcases" name="EmailWithoutDomain1" time="4.548"/>
  <testcase classname="co.ai4lyf.Testcases.LoginTestcases" name="EmailWithoutDomain2" time="4.151"/>
  <testcase classname="co.ai4lyf.Testcases.LoginTestcases" name="EmailWithoutDomain3" time="4.247"/>
  <testcase classname="co.ai4lyf.Testcases.LoginTestcases" name="EmailWithDomain1" time="4.046"/>
  <testcase classname="co.ai4lyf.Testcases.LoginTestcases" name="EmailWithOutDomain4" time="4.758"/>
  <testcase classname="co.ai4lyf.Testcases.LoginTestcases" name="EmailWithOutDomain5" time="4.23"/>
  <testcase classname="co.ai4lyf.Testcases.LoginTestcases" name="EmailWithOutDomain6" time="8.043"/>
  <testcase classname="co.ai4lyf.Testcases.LoginTestcases" name="EmailWithServer" time="6.11"/>
  <testcase classname="co.ai4lyf.Testcases.LoginTestcases" name="EmailWithDoubleDomain1" time="4.029"/>
  <testcase classname="co.ai4lyf.Testcases.LoginTestcases" name="EmailWithDoubleDomain2" time="4.623"/>
  <testcase classname="co.ai4lyf.Testcases.LoginTestcases" name="EmailWithPlus" time="6.497"/>
  <testcase classname="co.ai4lyf.Testcases.LoginTestcases" name="EmailWithSpecialch1" time="6.839"/>
  <testcase classname="co.ai4lyf.Testcases.LoginTestcases" name="EmailWithSpecialch2" time="4.078"/>
  <testcase classname="co.ai4lyf.Testcases.LoginTestcases" name="BottomTextVerification" time="2.138"/>
  <testcase classname="co.ai4lyf.Testcases.LoginTestcases" name="EmptyEmail" time="1.165"/>
  <testcase classname="co.ai4lyf.Testcases.LoginTestcases" name="GetPrivacyPolicy" time="3.293"/>
  <testcase classname="co.ai4lyf.Testcases.LoginTestcases" name="GetTermsConditition" time="2.122"/>
</testsuite> <!-- Default test -->
